<?xml version="1.0" encoding="UTF-8"?>
<testsuite name="yang.yu.tdd.exec_order.AlphanumericOrderTest" tests="4" skipped="0" failures="0" errors="0" timestamp="2020-05-29T07:50:43" hostname="yangyudeMacBook-Pro.local" time="0.004">
  <properties/>
  <testcase name="first()" classname="yang.yu.tdd.exec_order.AlphanumericOrderTest" time="0.0"/>
  <testcase name="last()" classname="yang.yu.tdd.exec_order.AlphanumericOrderTest" time="0.001"/>
  <testcase name="second()" classname="yang.yu.tdd.exec_order.AlphanumericOrderTest" time="0.001"/>
  <testcase name="third()" classname="yang.yu.tdd.exec_order.AlphanumericOrderTest" time="0.0"/>
  <system-out><![CDATA[Me first
Named last but second in fact
Named second but third in fact
Named third but last in fact
]]></system-out>
  <system-err><![CDATA[]]></system-err>
</testsuite>
