<?xml version="1.0" encoding="UTF-8"?>
<testsuite name="yang.yu.tdd.bank.AccountWithdrawTest" tests="6" skipped="0" failures="0" errors="0" timestamp="2020-05-29T07:50:42" hostname="yangyudeMacBook-Pro.local" time="0.547">
  <properties/>
  <testcase name="shouldFailWhenAmountLessThanZero()" classname="yang.yu.tdd.bank.AccountWithdrawTest" time="0.533"/>
  <testcase name="shouldSuccess()" classname="yang.yu.tdd.bank.AccountWithdrawTest" time="0.003"/>
  <testcase name="shouldFailWhenAccountLocked()" classname="yang.yu.tdd.bank.AccountWithdrawTest" time="0.001"/>
  <testcase name="shouldSuccessWhenWithdrawAll()" classname="yang.yu.tdd.bank.AccountWithdrawTest" time="0.002"/>
  <testcase name="shouldFailWhenBalanceInsufficient()" classname="yang.yu.tdd.bank.AccountWithdrawTest" time="0.002"/>
  <testcase name="shouldFailWhenAmountEqualToZero()" classname="yang.yu.tdd.bank.AccountWithdrawTest" time="0.002"/>
  <system-out><![CDATA[]]></system-out>
  <system-err><![CDATA[]]></system-err>
</testsuite>
