<?xml version="1.0" encoding="UTF-8"?>
<testsuite name="yang.yu.tdd.conditions.OsCondition" tests="4" skipped="0" failures="0" errors="0" timestamp="2020-05-29T07:50:42" hostname="yangyudeMacBook-Pro.local" time="0.006">
  <properties/>
  <testcase name="notOnWindows()" classname="yang.yu.tdd.conditions.OsCondition" time="0.001"/>
  <testcase name="testOnMac()" classname="yang.yu.tdd.conditions.OsCondition" time="0.001"/>
  <testcase name="onlyOnMacOs()" classname="yang.yu.tdd.conditions.OsCondition" time="0.001"/>
  <testcase name="onLinuxOrMac()" classname="yang.yu.tdd.conditions.OsCondition" time="0.001"/>
  <system-out><![CDATA[Not Run on Windows
Run on Mac
Run on Mac
Run on Linux or Mac
]]></system-out>
  <system-err><![CDATA[]]></system-err>
</testsuite>
