<?xml version="1.0" encoding="UTF-8"?>
<testsuite name="yang.yu.tdd.exec_order.MethodOrderTest" tests="4" skipped="0" failures="0" errors="0" timestamp="2020-05-29T07:40:51" hostname="yangyudeMacBook-Pro.local" time="0.003">
  <properties/>
  <testcase name="first()" classname="yang.yu.tdd.exec_order.MethodOrderTest" time="0.0"/>
  <testcase name="second()" classname="yang.yu.tdd.exec_order.MethodOrderTest" time="0.0"/>
  <testcase name="third()" classname="yang.yu.tdd.exec_order.MethodOrderTest" time="0.001"/>
  <testcase name="last()" classname="yang.yu.tdd.exec_order.MethodOrderTest" time="0.0"/>
  <system-out><![CDATA[Me first
Me second
Me third
Me last
]]></system-out>
  <system-err><![CDATA[]]></system-err>
</testsuite>
