<?xml version="1.0" encoding="UTF-8"?>
<testsuite name="yang.yu.tdd.assumptions.AssumptionsDemo" tests="3" skipped="2" failures="0" errors="0" timestamp="2020-05-29T07:40:50" hostname="yangyudeMacBook-Pro.local" time="0.024">
  <properties/>
  <testcase name="testOnlyOnDeveloperWorkstation()" classname="yang.yu.tdd.assumptions.AssumptionsDemo" time="0.019">
    <skipped/>
  </testcase>
  <testcase name="testInAllEnvironments()" classname="yang.yu.tdd.assumptions.AssumptionsDemo" time="0.004"/>
  <testcase name="testOnlyOnCiServer()" classname="yang.yu.tdd.assumptions.AssumptionsDemo" time="0.001">
    <skipped/>
  </testcase>
  <system-out><![CDATA[]]></system-out>
  <system-err><![CDATA[]]></system-err>
</testsuite>
