<?xml version="1.0" encoding="UTF-8"?>
<testsuite name="yang.yu.tdd.conditions.EnvVariableCondition" tests="7" skipped="4" failures="0" errors="0" timestamp="2020-05-29T07:50:42" hostname="yangyudeMacBook-Pro.local" time="0.008">
  <properties/>
  <testcase name="enableMultiEnvironmentVariables2()" classname="yang.yu.tdd.conditions.EnvVariableCondition" time="0.0">
    <skipped/>
  </testcase>
  <testcase name="notOnDeveloperWorkstation()" classname="yang.yu.tdd.conditions.EnvVariableCondition" time="0.001"/>
  <testcase name="disableMultiEnvironmentVariables()" classname="yang.yu.tdd.conditions.EnvVariableCondition" time="0.0"/>
  <testcase name="onlyOnStagingServer()" classname="yang.yu.tdd.conditions.EnvVariableCondition" time="0.0">
    <skipped/>
  </testcase>
  <testcase name="onlyOnDevEnvironment()" classname="yang.yu.tdd.conditions.EnvVariableCondition" time="0.0">
    <skipped/>
  </testcase>
  <testcase name="enableMultiEnvironmentVariables()" classname="yang.yu.tdd.conditions.EnvVariableCondition" time="0.0">
    <skipped/>
  </testcase>
  <testcase name="disableMultiEnvironmentVariables2()" classname="yang.yu.tdd.conditions.EnvVariableCondition" time="0.001"/>
  <system-out><![CDATA[]]></system-out>
  <system-err><![CDATA[]]></system-err>
</testsuite>
