<?xml version="1.0" encoding="UTF-8"?>
<testsuite name="yang.yu.tdd.display_name.DisplayNameGeneratorDemo$A_year_is_a_leap_year" tests="4" skipped="0" failures="0" errors="0" timestamp="2020-05-29T07:40:51" hostname="yangyudeMacBook-Pro.local" time="0.025">
  <properties/>
  <testcase name="if_it_is_one_of_the_following_years(int)[1]" classname="yang.yu.tdd.display_name.DisplayNameGeneratorDemo$A_year_is_a_leap_year" time="0.018"/>
  <testcase name="if_it_is_one_of_the_following_years(int)[2]" classname="yang.yu.tdd.display_name.DisplayNameGeneratorDemo$A_year_is_a_leap_year" time="0.001"/>
  <testcase name="if_it_is_one_of_the_following_years(int)[3]" classname="yang.yu.tdd.display_name.DisplayNameGeneratorDemo$A_year_is_a_leap_year" time="0.0"/>
  <testcase name="if_it_is_divisible_by_4_but_not_by_100()" classname="yang.yu.tdd.display_name.DisplayNameGeneratorDemo$A_year_is_a_leap_year" time="0.0"/>
  <system-out><![CDATA[]]></system-out>
  <system-err><![CDATA[]]></system-err>
</testsuite>
