<?xml version="1.0" encoding="UTF-8"?>
<testsuite name="yang.yu.tdd.nested.TestingAStackDemo$WhenNew" tests="3" skipped="0" failures="0" errors="0" timestamp="2020-05-29T07:40:51" hostname="yangyudeMacBook-Pro.local" time="0.005">
  <properties/>
  <testcase name="throwsExceptionWhenPeeked()" classname="yang.yu.tdd.nested.TestingAStackDemo$WhenNew" time="0.002"/>
  <testcase name="throwsExceptionWhenPopped()" classname="yang.yu.tdd.nested.TestingAStackDemo$WhenNew" time="0.001"/>
  <testcase name="isEmpty()" classname="yang.yu.tdd.nested.TestingAStackDemo$WhenNew" time="0.001"/>
  <system-out><![CDATA[]]></system-out>
  <system-err><![CDATA[]]></system-err>
</testsuite>
