<?xml version="1.0" encoding="UTF-8"?>
<testsuite name="yang.yu.tdd.display_name.DisplayNameDemoTest" tests="3" skipped="0" failures="0" errors="0" timestamp="2020-05-29T07:50:42" hostname="yangyudeMacBook-Pro.local" time="0.002">
  <properties/>
  <testcase name="testWithDisplayNameContainingSpecialCharacters()" classname="yang.yu.tdd.display_name.DisplayNameDemoTest" time="0.0"/>
  <testcase name="testWithDisplayNameContainingSpaces()" classname="yang.yu.tdd.display_name.DisplayNameDemoTest" time="0.0"/>
  <testcase name="testWithDisplayNameContainingEmoji()" classname="yang.yu.tdd.display_name.DisplayNameDemoTest" time="0.0"/>
  <system-out><![CDATA[]]></system-out>
  <system-err><![CDATA[]]></system-err>
</testsuite>
