<?xml version="1.0" encoding="UTF-8"?>
<testsuite name="yang.yu.tdd.nested.TestingAStackDemo" tests="1" skipped="0" failures="0" errors="0" timestamp="2020-05-29T07:40:51" hostname="yangyudeMacBook-Pro.local" time="0.0">
  <properties/>
  <testcase name="isInstantiatedWithNew()" classname="yang.yu.tdd.nested.TestingAStackDemo" time="0.0"/>
  <system-out><![CDATA[]]></system-out>
  <system-err><![CDATA[]]></system-err>
</testsuite>
