<?xml version="1.0" encoding="UTF-8"?>
<testsuite name="yang.yu.tdd.exchange.MoneyExchangeServiceTest" tests="1" skipped="0" failures="0" errors="0" timestamp="2020-05-29T07:40:51" hostname="yangyudeMacBook-Pro.local" time="0.028">
  <properties/>
  <testcase name="fromCnyToUsd()" classname="yang.yu.tdd.exchange.MoneyExchangeServiceTest" time="0.028"/>
  <system-out><![CDATA[]]></system-out>
  <system-err><![CDATA[]]></system-err>
</testsuite>
